#
# A fatal error has been detected by the Java Runtime Environment:
#
#  EXCEPTION_ACCESS_VIOLATION (0xc0000005) at pc=0x0000000061bb14d0, pid=13924, tid=14480
#
# JRE version: Java(TM) SE Runtime Environment (8.0_91-b14) (build 1.8.0_91-b14)
# Java VM: Java HotSpot(TM) 64-Bit Server VM (25.91-b14 mixed mode windows-amd64 compressed oops)
# Problematic frame:
# V  [jvm.dll+0x4614d0]
#
# Failed to write core dump. Minidumps are not enabled by default on client versions of Windows
#
# If you would like to submit a bug report, please visit:
#   http://bugreport.java.com/bugreport/crash.jsp
#

---------------  T H R E A D  ---------------

Current thread (0x00000000059f8800):  JavaThread "C2 CompilerThread0" daemon [_thread_in_native, id=14480, stack(0x0000000006db0000,0x0000000006eb0000)]

siginfo: ExceptionCode=0xc0000005, reading address 0x0000000000000028

Registers:
RAX=0x0000000005a21c30, RBX=0x0000000000000002, RCX=0x0000000000000000, RDX=0x0000000000000000
RSP=0x0000000006eac1f0, RBP=0xffffffffffffffff, RSI=0x0000000006f88018, RDI=0x0000000006f178d0
R8 =0x00000000ffffffff, R9 =0x0000000000000000, R10=0x000000000000005a, R11=0x0000000000000041
R12=0x0000000006eac600, R13=0x0000000005a0cdc8, R14=0x0000000000000008, R15=0x0000000000000001
RIP=0x0000000061bb14d0, EFLAGS=0x0000000000010202

Top of Stack: (sp=0x0000000006eac1f0)
0x0000000006eac1f0:   0000000006f49540 0000000006f1c390
0x0000000006eac200:   00000000000003e7 ffffffffffffffff
0x0000000006eac210:   0000000200000031 0000000006f178d0
0x0000000006eac220:   0000000000000040 0000000000000031
0x0000000006eac230:   0000000000000000 0000000000000000
0x0000000006eac240:   0000000006eac310 00000000000003d8
0x0000000006eac250:   0000000006ec9bc8 0000000006ec97f0
0x0000000006eac260:   0000000006eac390 0000000000000000
0x0000000006eac270:   0000000006eac600 0000000006ec97e0
0x0000000006eac280:   0000000006eac710 0000000061bb41a4
0x0000000006eac290:   0000000006eac600 0000000006eac300
0x0000000006eac2a0:   00000000ffffffff 0000000000000008
0x0000000006eac2b0:   0000000000000002 0000000006ec97e0
0x0000000006eac2c0:   0000000006f45fd0 0000000006f4b450
0x0000000006eac2d0:   0000000006f4dfb8 0000000000010388
0x0000000006eac2e0:   0000000000000002 0000000006ec9fc0 

Instructions: (pc=0x0000000061bb14d0)
0x0000000061bb14b0:   0f 83 0c 02 00 00 49 c1 e6 03 66 0f 1f 44 00 00
0x0000000061bb14c0:   48 8b 46 08 49 8b 0c 06 49 8b 84 24 28 01 00 00
0x0000000061bb14d0:   48 63 51 28 8b 1c 90 85 db 0f 84 c0 01 00 00 45
0x0000000061bb14e0:   84 c9 74 11 45 3b c7 75 0c 48 8b 06 48 8b ce ff 


Register to memory mapping:

RAX=0x0000000005a21c30 is an unknown value
RBX=0x0000000000000002 is an unknown value
RCX=0x0000000000000000 is an unknown value
RDX=0x0000000000000000 is an unknown value
RSP=0x0000000006eac1f0 is pointing into the stack for thread: 0x00000000059f8800
RBP=0xffffffffffffffff is an unknown value
RSI=0x0000000006f88018 is an unknown value
RDI=0x0000000006f178d0 is an unknown value
R8 =0x00000000ffffffff is an unallocated location in the heap
R9 =0x0000000000000000 is an unknown value
R10=0x000000000000005a is an unknown value
R11=0x0000000000000041 is an unknown value
R12=0x0000000006eac600 is pointing into the stack for thread: 0x00000000059f8800
R13=0x0000000005a0cdc8 is an unknown value
R14=0x0000000000000008 is an unknown value
R15=0x0000000000000001 is an unknown value


Stack: [0x0000000006db0000,0x0000000006eb0000],  sp=0x0000000006eac1f0,  free space=1008k
Native frames: (J=compiled Java code, j=interpreted, Vv=VM code, C=native code)
V  [jvm.dll+0x4614d0]
V  [jvm.dll+0x4641a4]
V  [jvm.dll+0x46f55b]
V  [jvm.dll+0x471b72]
V  [jvm.dll+0x454ce2]
V  [jvm.dll+0xa4be2]
V  [jvm.dll+0xa551f]
V  [jvm.dll+0x243ae4]
V  [jvm.dll+0x29a99a]
C  [msvcr100.dll+0x21d9f]
C  [msvcr100.dll+0x21e3b]
C  [kernel32.dll+0x159cd]
C  [ntdll.dll+0x2a561]


Current CompileTask:
C2:  42242   31   !   4       SocketServer::BuildRoom (167 bytes)


---------------  P R O C E S S  ---------------

Java Threads: ( => current thread )
  0x0000000006eb0800 JavaThread "User" [_thread_in_Java, id=15668, stack(0x0000000008110000,0x0000000008210000)]
  0x000000000207e000 JavaThread "DestroyJavaVM" [_thread_blocked, id=14932, stack(0x0000000002510000,0x0000000002610000)]
  0x0000000006eeb000 JavaThread "SocketServer" [_thread_in_native, id=14736, stack(0x0000000007640000,0x0000000007740000)]
  0x0000000005a3c000 JavaThread "Service Thread" daemon [_thread_blocked, id=12264, stack(0x0000000006460000,0x0000000006560000)]
  0x0000000006ec8800 JavaThread "C1 CompilerThread1" daemon [_thread_blocked, id=14628, stack(0x0000000006cb0000,0x0000000006db0000)]
=>0x00000000059f8800 JavaThread "C2 CompilerThread0" daemon [_thread_in_native, id=14480, stack(0x0000000006db0000,0x0000000006eb0000)]
  0x00000000059ea000 JavaThread "Attach Listener" daemon [_thread_blocked, id=9292, stack(0x0000000006b70000,0x0000000006c70000)]
  0x00000000059d5000 JavaThread "Signal Dispatcher" daemon [_thread_blocked, id=14356, stack(0x00000000069b0000,0x0000000006ab0000)]
  0x00000000059be000 JavaThread "Finalizer" daemon [_thread_blocked, id=13396, stack(0x00000000067f0000,0x00000000068f0000)]
  0x0000000005977000 JavaThread "Reference Handler" daemon [_thread_blocked, id=14872, stack(0x0000000006680000,0x0000000006780000)]

Other Threads:
  0x000000000596d000 VMThread [stack: 0x0000000006570000,0x0000000006670000] [id=13360]
  0x0000000006edd800 WatcherThread [stack: 0x0000000007390000,0x0000000007490000] [id=14972]

VM state:not at safepoint (normal execution)

VM Mutex/Monitor currently owned by a thread: None

Heap:
 PSYoungGen      total 18944K, used 2622K [0x00000000eb200000, 0x00000000ec700000, 0x0000000100000000)
  eden space 16384K, 16% used [0x00000000eb200000,0x00000000eb48fa10,0x00000000ec200000)
  from space 2560K, 0% used [0x00000000ec480000,0x00000000ec480000,0x00000000ec700000)
  to   space 2560K, 0% used [0x00000000ec200000,0x00000000ec200000,0x00000000ec480000)
 ParOldGen       total 44032K, used 0K [0x00000000c1600000, 0x00000000c4100000, 0x00000000eb200000)
  object space 44032K, 0% used [0x00000000c1600000,0x00000000c1600000,0x00000000c4100000)
 Metaspace       used 2988K, capacity 4564K, committed 4864K, reserved 1056768K
  class space    used 336K, capacity 388K, committed 512K, reserved 1048576K

Card table byte_map: [0x00000000029d0000,0x0000000002bd0000] byte_map_base: 0x00000000023c5000

Marking Bits: (ParMarkBitMap*) 0x0000000061f62f70
 Begin Bits: [0x0000000002ef0000, 0x0000000003e98000)
 End Bits:   [0x0000000003e98000, 0x0000000004e40000)

Polling page: 0x0000000000420000

CodeCache: size=245760Kb used=1126Kb max_used=1137Kb free=244633Kb
 bounds [0x000000000f010000, 0x000000000f280000, 0x000000001e010000]
 total_blobs=274 nmethods=30 adapters=159
 compilation: enabled

Compilation events (10 events):
Event: 7.481 Thread 0x0000000006ec8800 nmethod 27 0x000000000f124510 code [0x000000000f124660, 0x000000000f124770]
Event: 7.481 Thread 0x0000000006ec8800   26       3       java.lang.String::startsWith (72 bytes)
Event: 7.481 Thread 0x0000000006ec8800 nmethod 26 0x000000000f1247d0 code [0x000000000f124940, 0x000000000f124c70]
Event: 38.567 Thread 0x0000000006ec8800   28       1       java.nio.Buffer::position (5 bytes)
Event: 38.567 Thread 0x0000000006ec8800 nmethod 28 0x000000000f124e50 code [0x000000000f124fa0, 0x000000000f1250b0]
Event: 42.023 Thread 0x0000000006ec8800   29 % !   3       SocketServer::BuildRoom @ 103 (167 bytes)
Event: 42.027 Thread 0x0000000006ec8800 nmethod 29% 0x000000000f125110 code [0x000000000f1254e0, 0x000000000f1279e8]
Event: 42.027 Thread 0x00000000059f8800   30 % !   4       SocketServer::BuildRoom @ 103 (167 bytes)
Event: 42.029 Thread 0x00000000059f8800 nmethod 30% 0x000000000f12c290 code [0x000000000f12c3e0, 0x000000000f12c618]
Event: 42.029 Thread 0x00000000059f8800   31   !   4       SocketServer::BuildRoom (167 bytes)

GC Heap History (0 events):
No events

Deoptimization events (0 events):
No events

Internal exceptions (6 events):
Event: 0.072 Thread 0x000000000207e000 Exception <a 'java/lang/NoSuchMethodError': Method sun.misc.Unsafe.defineClass(Ljava/lang/String;[BII)Ljava/lang/Class; name or signature does not match> (0x00000000eb207cc0) thrown at [C:\re\workspace\8-2-build-windows-amd64-cygwin\jdk8u91\6644\hotspot\sr¶MXv²?
Event: 0.072 Thread 0x000000000207e000 Exception <a 'java/lang/NoSuchMethodError': Method sun.misc.Unsafe.prefetchRead(Ljava/lang/Object;J)V name or signature does not match> (0x00000000eb207fa8) thrown at [C:\re\workspace\8-2-build-windows-amd64-cygwin\jdk8u91\6644\hotspot\src\share\vm\prims\j¡©‡GNì@
Event: 7.481 Thread 0x0000000006eb0800 Exception <a 'java/lang/NullPointerException'> (0x00000000eb3efeb0) thrown at [C:\re\workspace\8-2-build-windows-amd64-cygwin\jdk8u91\6644\hotspot\src\share\vm\interpreter\linkResolver.cpp, line 1178]
Event: 7.481 Thread 0x0000000006eb0800 Exception <a 'java/lang/NullPointerException'> (0x00000000eb3f00e8) thrown at [C:\re\workspace\8-2-build-windows-amd64-cygwin\jdk8u91\6644\hotspot\src\share\vm\interpreter\linkResolver.cpp, line 1178]
Event: 38.564 Thread 0x0000000006eb0800 Exception <a 'sun/net/ConnectionResetException': > (0x00000000eb3f0898) thrown at [C:\re\workspace\8-2-build-windows-amd64-cygwin\jdk8u91\6644\hotspot\src\share\vm\prims\jni.cpp, line 735]
Event: 38.564 Thread 0x0000000006eb0800 Exception <a 'sun/net/ConnectionResetException': > (0x00000000eb3f0ac8) thrown at [C:\re\workspace\8-2-build-windows-amd64-cygwin\jdk8u91\6644\hotspot\src\share\vm\prims\jni.cpp, line 735]

Events (10 events):
Event: 41.978 Executing VM operation: RevokeBias
Event: 41.978 Executing VM operation: RevokeBias done
Event: 41.978 Executing VM operation: RevokeBias
Event: 41.978 Executing VM operation: RevokeBias done
Event: 41.978 Executing VM operation: RevokeBias
Event: 41.978 Executing VM operation: RevokeBias done
Event: 41.978 Executing VM operation: RevokeBias
Event: 41.979 Executing VM operation: RevokeBias done
Event: 42.029 Thread 0x0000000006eb0800 DEOPT PACKING pc=0x000000000f127581 sp=0x000000000820f520
Event: 42.029 Thread 0x0000000006eb0800 DEOPT UNPACKING pc=0x000000000f05747f sp=0x000000000820f378 mode 0


Dynamic libraries:
0x000000013f650000 - 0x000000013f687000 	C:\Program Files\Java\jre1.8.0_91\bin\javaw.exe
0x0000000077590000 - 0x000000007773a000 	C:\windows\SYSTEM32\ntdll.dll
0x0000000077470000 - 0x000000007758f000 	C:\windows\system32\kernel32.dll
0x000007fefd850000 - 0x000007fefd8ba000 	C:\windows\system32\KERNELBASE.dll
0x000007fefe6b0000 - 0x000007fefe78b000 	C:\windows\system32\ADVAPI32.dll
0x000007fefe610000 - 0x000007fefe6af000 	C:\windows\system32\msvcrt.dll
0x000007feff5e0000 - 0x000007feff5ff000 	C:\windows\SYSTEM32\sechost.dll
0x000007fefe300000 - 0x000007fefe42d000 	C:\windows\system32\RPCRT4.dll
0x0000000077370000 - 0x000000007746a000 	C:\windows\system32\USER32.dll
0x000007fefd9a0000 - 0x000007fefda07000 	C:\windows\system32\GDI32.dll
0x000007fefdc70000 - 0x000007fefdc7e000 	C:\windows\system32\LPK.dll
0x000007fefdca0000 - 0x000007fefdd6a000 	C:\windows\system32\USP10.dll
0x000007fefbaa0000 - 0x000007fefbc94000 	C:\windows\WinSxS\amd64_microsoft.windows.common-controls_6595b64144ccf1df_6.0.7601.17514_none_fa396087175ac9ac\COMCTL32.dll
0x000007fefda10000 - 0x000007fefda81000 	C:\windows\system32\SHLWAPI.dll
0x000007fefe810000 - 0x000007fefe83e000 	C:\windows\system32\IMM32.DLL
0x000007fefdf90000 - 0x000007fefe099000 	C:\windows\system32\MSCTF.dll
0x000007fefd4b0000 - 0x000007fefd4e1000 	C:\windows\system32\nvinitx.dll
0x000007fefd4a0000 - 0x000007fefd4ac000 	C:\windows\system32\VERSION.dll
0x000000000f000000 - 0x000000000f006000 	C:\Program Files\NVIDIA Corporation\CoProcManager\detoured.dll
0x000007fefb370000 - 0x000007fefb3a1000 	C:\Program Files\NVIDIA Corporation\CoProcManager\nvd3d9wrapx.dll
0x000007fefe430000 - 0x000007fefe607000 	C:\windows\system32\SETUPAPI.dll
0x000007fefd5c0000 - 0x000007fefd5f6000 	C:\windows\system32\CFGMGR32.dll
0x000007fefd8c0000 - 0x000007fefd997000 	C:\windows\system32\OLEAUT32.dll
0x000007feff600000 - 0x000007feff7fc000 	C:\windows\system32\ole32.dll
0x000007fefd5a0000 - 0x000007fefd5ba000 	C:\windows\system32\DEVOBJ.dll
0x000007fefb1c0000 - 0x000007fefb1e2000 	C:\Program Files\NVIDIA Corporation\CoProcManager\nvdxgiwrapx.dll
0x000000005d1c0000 - 0x000000005d292000 	C:\Program Files\Java\jre1.8.0_91\bin\msvcr100.dll
0x0000000061750000 - 0x0000000061fe3000 	C:\Program Files\Java\jre1.8.0_91\bin\server\jvm.dll
0x000007feedd60000 - 0x000007feedd69000 	C:\windows\system32\WSOCK32.dll
0x000007fefdf40000 - 0x000007fefdf8d000 	C:\windows\system32\WS2_32.dll
0x000007feff5d0000 - 0x000007feff5d8000 	C:\windows\system32\NSI.dll
0x000007fefb5a0000 - 0x000007fefb5db000 	C:\windows\system32\WINMM.dll
0x0000000077760000 - 0x0000000077767000 	C:\windows\system32\PSAPI.DLL
0x0000000068f80000 - 0x0000000068f8f000 	C:\Program Files\Java\jre1.8.0_91\bin\verify.dll
0x0000000067460000 - 0x0000000067489000 	C:\Program Files\Java\jre1.8.0_91\bin\java.dll
0x0000000067720000 - 0x0000000067736000 	C:\Program Files\Java\jre1.8.0_91\bin\zip.dll
0x000007fefe840000 - 0x000007feff5c9000 	C:\windows\system32\SHELL32.dll
0x000007fefd4f0000 - 0x000007fefd4ff000 	C:\windows\system32\profapi.dll
0x000000005f6f0000 - 0x000000005f70a000 	C:\Program Files\Java\jre1.8.0_91\bin\net.dll
0x000007fefccd0000 - 0x000007fefcd25000 	C:\windows\system32\mswsock.dll
0x000007fefccc0000 - 0x000007fefccc7000 	C:\windows\System32\wship6.dll
0x000007fefb540000 - 0x000007fefb555000 	C:\windows\system32\NLAapi.dll
0x000007fef5bb0000 - 0x000007fef5bc5000 	C:\windows\system32\napinsp.dll
0x000007fef5b90000 - 0x000007fef5ba9000 	C:\windows\system32\pnrpnsp.dll
0x000007fefcb50000 - 0x000007fefcbab000 	C:\windows\system32\DNSAPI.dll
0x000007fef3eb0000 - 0x000007fef3ebb000 	C:\windows\System32\winrnr.dll
0x000007fef3ea0000 - 0x000007fef3eb0000 	C:\windows\system32\wshbth.dll
0x000000006da50000 - 0x000000006da7e000 	C:\Program Files\Common Files\Microsoft Shared\Windows Live\WLIDNSP.DLL
0x000007fefc550000 - 0x000007fefc557000 	C:\windows\System32\wshtcpip.dll
0x000007fefb320000 - 0x000007fefb347000 	C:\windows\system32\IPHLPAPI.DLL
0x000007fefb310000 - 0x000007fefb31b000 	C:\windows\system32\WINNSI.DLL
0x000007fef6c20000 - 0x000007fef6c28000 	C:\windows\system32\rasadhlp.dll
0x000007fefb160000 - 0x000007fefb1b3000 	C:\windows\System32\fwpuclnt.dll
0x000007feeaa90000 - 0x000007feeabb5000 	C:\windows\system32\dbghelp.dll

VM Arguments:
jvm_args: -Dfile.encoding=UTF-8 
java_command: StartServer
java_class_path (initial): E:\eclipse-workspace\MyJavaSocketServer\bin
Launcher Type: SUN_STANDARD

Environment Variables:
JAVA_HOME=C:\Java\jdk1.8.0_91
PATH=C:/Program Files/Java/jre1.8.0_91/bin/server;C:/Program Files/Java/jre1.8.0_91/bin;C:/Program Files/Java/jre1.8.0_91/lib/amd64;C:\ProgramData\Oracle\Java\javapath;C:\Program Files\Common Files\Microsoft Shared\Windows Live;C:\windows\system32;C:\windows;C:\windows\System32\Wbem;C:\windows\System32\WindowsPowerShell\v1.0\;C:\Program Files (x86)\NVIDIA Corporation\PhysX\Common\;C:\Java\jdk1.8.0_91\bin;C:\pp\Python35-32;C:\Program Files (x86)\GtkSharp\2.12\bin;C:\Program Files\Microsoft SQL Server\130\Tools\Binn\;C:\Program Files\Common Files\Autodesk Shared\;C:\Program Files\Git\cmd;C:\Program Files\MySQL\MySQL Utilities 1.6\;C:\Users\dell\AppData\Local\Programs\Python\Python35-32\Scripts\;C:\Users\dell\AppData\Local\Programs\Python\Python35-32\;C:\Program Files\Common Files\Microsoft Shared\Windows Live;C:\Users\dell\Desktop;
USERNAME=dell
OS=Windows_NT
PROCESSOR_IDENTIFIER=Intel64 Family 6 Model 61 Stepping 4, GenuineIntel



---------------  S Y S T E M  ---------------

OS: Windows 7 , 64 bit Build 7601 (6.1.7601.23714)

CPU:total 2 (2 cores per cpu, 1 threads per core) family 6 model 61 stepping 4, cmov, cx8, fxsr, mmx, sse, sse2, sse3, ssse3, sse4.1, sse4.2, popcnt, clmul, erms, 3dnowpref, lzcnt, tsc, tscinvbit

Memory: 4k page, physical 4103780k(1005180k free), swap 8205700k(2705660k free)

vm_info: Java HotSpot(TM) 64-Bit Server VM (25.91-b14) for windows-amd64 JRE (1.8.0_91-b14), built on Apr  1 2016 00:58:32 by "java_re" with MS VC++ 10.0 (VS2010)

time: Sat Jun 30 15:51:43 2018
elapsed time: 42 seconds (0d 0h 0m 42s)

